[21:03:18] [ServerMain/INFO]: Environment: authHost='https://authserver.mojang.com', accountsHost='https://api.mojang.com', sessionHost='https://sessionserver.mojang.com', servicesHost='https://api.minecraftservices.com', name='PROD'
[21:03:21] [ServerMain/INFO]: Loaded 7 recipes
[21:03:22] [Server thread/INFO]: Starting minecraft server version 1.20.1
[21:03:22] [Server thread/INFO]: Loading properties
[21:03:22] [Server thread/INFO]: This server is running Paper version git-Paper-196 (MC: 1.20.1) (Implementing API version 1.20.1-R0.1-SNAPSHOT) (Git: 773dd72)
[21:03:23] [Server thread/INFO]: Server Ping Player Sample Count: 12
[21:03:23] [Server thread/INFO]: Using 4 threads for Netty based IO
[21:03:23] [Server thread/WARN]: [!] The timings profiler has been enabled but has been scheduled for removal from Paper in the future.
    We recommend installing the spark profiler as a replacement: https://spark.lucko.me/
    For more information please visit: https://github.com/PaperMC/Paper/issues/8948
[21:03:23] [Server thread/INFO]: [ChunkTaskScheduler] Chunk system is using 1 I/O threads, 1 worker threads, and gen parallelism of 1 threads
[21:03:24] [Server thread/INFO]: Default game type: SURVIVAL
[21:03:24] [Server thread/INFO]: Generating keypair
[21:03:24] [Server thread/INFO]: Starting Minecraft server on *:25565
[21:03:24] [Server thread/INFO]: Using epoll channel type
[21:03:24] [Server thread/INFO]: Paper: Using libdeflate (Linux x86_64) compression from Velocity.
[21:03:24] [Server thread/INFO]: Paper: Using OpenSSL 1.1.x (Linux x86_64) cipher from Velocity.
[21:03:24] [Server thread/INFO]: [s2e-sand-box] Loading server plugin s2e-sand-box v2.0.3
[21:03:24] [Server thread/INFO]: [s2e-bedrock-box] Loading server plugin s2e-bedrock-box v1.2.7
[21:03:24] [Server thread/INFO]: [ServerTap] Loading server plugin ServerTap v0.5.4-SNAPSHOT
[21:03:24] [Server thread/INFO]: [InteractiveCubo] Loading server plugin InteractiveCubo v2.0
[21:03:24] [Server thread/INFO]: Server permissions file permissions.yml is empty, ignoring it
[21:03:24] [Server thread/INFO]: [ServerTap] Enabling ServerTap v0.5.4-SNAPSHOT
[21:03:24] [Server thread/INFO]: [ServerTap] No Vault plugin detected
[21:03:25] [Server thread/WARN]: [ServerTap] TLS is not enabled.
[21:03:25] [Server thread/INFO]: [ServerTap] Enabling CORS for *
[21:03:25] [Server thread/WARN]: [ServerTap] AUTH KEY IS SET TO DEFAULT "change_me"
[21:03:25] [Server thread/WARN]: [ServerTap] CHANGE THE key IN THE config.yml FILE
[21:03:25] [Server thread/WARN]: [ServerTap] FAILURE TO CHANGE THE KEY MAY RESULT IN SERVER COMPROMISE
[21:03:25] [Server thread/INFO]: [io.javalin.Javalin] Starting Javalin ...
[21:03:25] [Server thread/INFO]: [org.eclipse.jetty.server.Server] jetty-11.0.15; built: 2023-04-11T18:37:53.775Z; git: 5bc5e562c8d05c5862505aebe5cf83a61bdbcb96; jvm 17.0.14+7-Ubuntu-120.04
[21:03:25] [Server thread/INFO]: [org.eclipse.jetty.server.session.DefaultSessionIdManager] Session workerName=node0
[21:03:26] [Server thread/INFO]: [org.eclipse.jetty.server.handler.ContextHandler] Started i.j.j.@4bff8e70{/,null,AVAILABLE}
[21:03:26] [Server thread/INFO]: [org.eclipse.jetty.server.AbstractConnector] Started ServerConnector@76a37511{HTTP/1.1, (http/1.1)}{0.0.0.0:4567}
[21:03:26] [Server thread/INFO]: [org.eclipse.jetty.server.Server] Started Server@5a76da63{STARTING}[11.0.15,sto=0] @18246ms
[21:03:26] [Server thread/INFO]: [io.javalin.Javalin] Listening on http://localhost:4567/
[21:03:26] [Server thread/INFO]: [io.javalin.Javalin] You are running Javalin 5.6.2 (released July 31, 2023. Your Javalin version is 618 days old. Consider checking for a newer version.).
[21:03:26] [Server thread/INFO]: [io.javalin.Javalin] Javalin started in 598ms \o/
[21:03:26] [Server thread/WARN]: **** SERVER IS RUNNING IN OFFLINE/INSECURE MODE!
[21:03:26] [Server thread/WARN]: The server will make no attempt to authenticate usernames. Beware.
[21:03:26] [Server thread/WARN]: While this makes the game possible to play without internet access, it also opens up the ability for hackers to connect with any username they choose.
[21:03:26] [Server thread/WARN]: To change this, set "online-mode" to "true" in the server.properties file.
[21:03:26] [Server thread/INFO]: Preparing level "world"
[21:03:27] [Server thread/INFO]: Preparing start region for dimension minecraft:overworld
[21:03:27] [Server thread/INFO]: Time elapsed: 695 ms
[21:03:27] [Server thread/INFO]: Preparing start region for dimension minecraft:the_nether
[21:03:27] [Server thread/INFO]: Time elapsed: 155 ms
[21:03:27] [Server thread/INFO]: Preparing start region for dimension minecraft:the_end
[21:03:28] [Server thread/INFO]: Time elapsed: 151 ms
[21:03:28] [Server thread/INFO]: [s2e-sand-box] Enabling s2e-sand-box v2.0.3
[21:03:28] [Server thread/INFO]: [s2e-bedrock-box] Enabling s2e-bedrock-box v1.2.7
[21:03:28] [Server thread/INFO]: [InteractiveCubo] Enabling InteractiveCubo v2.0
[21:03:28] [Server thread/INFO]: InteractiveMC ha sido activado
[21:03:28] [Server thread/INFO]: [InteractiveCubo] Archivo cubo.yml creado exitosamente.
[21:03:28] [WebSocketConnectReadThread-54/ERROR]: WebSocket error occurred.
[21:03:28] [WebSocketConnectReadThread-54/ERROR]: Connection refused
java.net.ConnectException: Connection refused
	at sun.nio.ch.Net.connect0(Native Method) ~[?:?]
	at sun.nio.ch.Net.connect(Net.java:579) ~[?:?]
	at sun.nio.ch.Net.connect(Net.java:568) ~[?:?]
	at sun.nio.ch.NioSocketImpl.connect(NioSocketImpl.java:593) ~[?:?]
	at java.net.Socket.connect(Socket.java:633) ~[?:?]
	at org.java_websocket.client.WebSocketClient.run(WebSocketClient.java:491) ~[InteractiveCUBO-2.0.jar:?]
	at java.lang.Thread.run(Thread.java:840) ~[?:?]
[21:03:28] [WebSocketConnectReadThread-54/INFO]: [InteractiveCubo] [STDOUT] Connection closed.
[21:03:28] [WebSocketConnectReadThread-54/WARN]: Nag author(s): '[DeianBlaz]' of 'InteractiveCubo v2.0' about their usage of System.out/err.print. Please use your plugin's logger instead (JavaPlugin#getLogger).
[21:03:28] [Server thread/INFO]: Running delayed init tasks
[21:03:29] [Server thread/INFO]: Done (7.708s)! For help, type "help"
[21:03:29] [Server thread/INFO]: Timings Reset
[21:05:18] [User Authenticator #0/INFO]: UUID of player lunek334 is b767140b-7caa-36cd-b2f7-9432f16fcc59
[21:05:18] [Server thread/INFO]: lunek334 joined the game
[21:05:18] [Server thread/INFO]: lunek334[/127.199.189.5:48501] logged in with entity id 124 at ([world]-307.0045144552851, 72.86859856141189, -40.678510626537694)
[21:05:46] [Server thread/INFO]: lunek334 issued server command: /cubo create 10 10 10
[21:07:31] [Server thread/INFO]: lunek334 issued server command: /cubo create 10 10 10
[21:07:35] [Server thread/INFO]: lunek334 issued server command: /cubo create
[21:08:54] [Server thread/INFO]: lunek334 issued server command: /gamerule sendCommandFeedback true
[21:08:54] [Server thread/INFO]: [lunek334: Gamerule sendCommandFeedback is now set to: true]
[21:09:23] [Server thread/INFO]: lunek334 issued server command: /cubo start
[21:09:23] [WebSocketConnectReadThread-71/ERROR]: WebSocket error occurred.
[21:09:23] [WebSocketConnectReadThread-71/ERROR]: Connection refused
java.net.ConnectException: Connection refused
	at sun.nio.ch.Net.connect0(Native Method) ~[?:?]
	at sun.nio.ch.Net.connect(Net.java:579) ~[?:?]
	at sun.nio.ch.Net.connect(Net.java:568) ~[?:?]
	at sun.nio.ch.NioSocketImpl.connect(NioSocketImpl.java:593) ~[?:?]
	at java.net.Socket.connect(Socket.java:633) ~[?:?]
	at org.java_websocket.client.WebSocketClient.run(WebSocketClient.java:491) ~[InteractiveCUBO-2.0.jar:?]
	at java.lang.Thread.run(Thread.java:840) ~[?:?]
[21:09:23] [WebSocketConnectReadThread-71/INFO]: [InteractiveCubo] [STDOUT] Connection closed.
[21:09:23] [WebSocketConnectReadThread-71/WARN]: Nag author(s): '[DeianBlaz]' of 'InteractiveCubo v2.0' about their usage of System.out/err.print. Please use your plugin's logger instead (JavaPlugin#getLogger).
[21:09:31] [Server thread/INFO]: lunek334 issued server command: /cubo 10 10 10
[21:09:36] [Server thread/INFO]: lunek334 issued server command: /cubo create 10 10 10
[21:10:11] [Server thread/INFO]: lunek334 issued server command: /bedrock create 11 9
[21:10:25] [Server thread/INFO]: lunek334 issued server command: /bedrock fill 1
[21:10:47] [Server thread/INFO]: lunek334 issued server command: /bedrock create 20 20
[21:10:53] [Server thread/INFO]: lunek334 issued server command: /bedrock fill 3
